Arguments: 
  C:\Users\karthi\.atri\webapp-builder-win.exe.v0.0.78 C:\snapshot\webapp-builder\node_modules\yarn\bin\yarn.js install

PATH: 
  C:\Users\karthi\.virtualenvs\my_app-Bd1k48Jp\Scripts;c:\users\karthi\appdata\local\programs\python\python311\lib\site-packages;C:\Users\karthi\AppData\Local\Programs\Python\Python311\Scripts\;C:\Users\karthi\AppData\Local\Programs\Python\Python311\;C:\Users\karthi\AppData\Local\Microsoft\WindowsApps;C:\Users\karthi\AppData\Local\Programs\Microsoft VS Code\bin;C:\Users\karthi\AppData\Local\Programs\Python\Python311\Scripts;C:\Users\karthi\AppData\Local\Programs\Python;C:\Users\karthi\AppData\Local\Programs\Python\Python311;c:\users\karthi\appdata\local\programs\python\python311\lib\site-packages;

Yarn version: 
  1.22.19

Node version: 
  16.16.0

Platform: 
  win32 x64

Trace: 
  Error: EBUSY: resource busy or locked, copyfile 'C:\Users\karthi\AppData\Local\Yarn\Cache\v6\npm-@atrilabs-app-scripts-0.0.78-8a38c6a9fca1bc98d561152dfd7b10dad919cc5b-integrity\node_modules\@atrilabs\app-scripts\LICENSE' -> 'C:\Users\karthi\my_app\atri_app\node_modules\@atrilabs\app-scripts\LICENSE'

npm manifest: 
  {
    "name": "atri-react-app-template",
    "version": "0.0.0",
    "private": "true",
    "scripts": {
      "buildApp": "atri-react-app-build-app",
      "buildAppNode": "atri-react-app-build-server",
      "buildServer": "cd server && tsc",
      "build": "yarn run buildApp && yarn run buildAppNode",
      "devServer": "node dist/server/index.js --dev",
      "server": "node dist/server/index.js",
      "dev": "atri-react-app-dev-server"
    },
    "dependencies": {
      "@atrilabs/app-scripts": "^0.0.78",
      "@atrilabs/core": "^0.0.78",
      "chokidar": "^3.5.3",
      "http-proxy-middleware": "^2.0.6",
      "react": "18.0.0",
      "react-dom": "18.0.0",
      "react-router-dom": "^6.3.0",
      "ws": "^8.8.0",
      "zustand": "^4.0.0-rc.1",
      "@atrilabs/react-component-manifests": "^0.0.78"
    },
    "devDependencies": {
      "eslint-config-prettier": "^8.5.0",
      "eslint-config-react-app": "^7.0.1"
    }
  }

yarn manifest: 
  No manifest

Lockfile: 
  No lockfile
